0 info it worked if it ends with ok
1 verbose cli [ '/Users/SEIYA/.nodebrew/node/v6.2.0/bin/node',
1 verbose cli   '/Users/SEIYA/.nodebrew/current/bin/npm',
1 verbose cli   'start' ]
2 info using npm@3.8.6
3 info using node@v6.2.0
4 verbose stack Error: Failed to parse json
4 verbose stack Unexpected token 'p' at 15:4
4 verbose stack   "private": true
4 verbose stack    ^
4 verbose stack     at parseError (/Users/SEIYA/.nodebrew/node/v6.2.0/lib/node_modules/npm/node_modules/read-package-json/read-json.js:379:11)
4 verbose stack     at parseJson (/Users/SEIYA/.nodebrew/node/v6.2.0/lib/node_modules/npm/node_modules/read-package-json/read-json.js:68:23)
4 verbose stack     at /Users/SEIYA/.nodebrew/node/v6.2.0/lib/node_modules/npm/node_modules/read-package-json/read-json.js:48:5
4 verbose stack     at /Users/SEIYA/.nodebrew/node/v6.2.0/lib/node_modules/npm/node_modules/graceful-fs/graceful-fs.js:78:16
4 verbose stack     at tryToString (fs.js:449:3)
4 verbose stack     at FSReqWrap.readFileAfterClose [as oncomplete] (fs.js:436:12)
5 verbose cwd /Users/SEIYA/my_apps/session-desktop
6 error Darwin 16.1.0
7 error argv "/Users/SEIYA/.nodebrew/node/v6.2.0/bin/node" "/Users/SEIYA/.nodebrew/current/bin/npm" "start"
8 error node v6.2.0
9 error npm  v3.8.6
10 error file /Users/SEIYA/my_apps/session-desktop/package.json
11 error code EJSONPARSE
12 error Failed to parse json
12 error Unexpected token 'p' at 15:4
12 error   "private": true
12 error    ^
13 error File: /Users/SEIYA/my_apps/session-desktop/package.json
14 error Failed to parse package.json data.
14 error package.json must be actual JSON, not just JavaScript.
14 error
14 error This is not a bug in npm.
14 error Tell the package author to fix their package.json file. JSON.parse
15 verbose exit [ 1, true ]
